<?xml version="1.0" encoding="UTF-8"?>
<robot generator="Robot 3.0.4 (Python 3.6.5 on win32)" generated="20180927 22:09:28.147">
<suite id="s1" name="Front Office" source="D:\Documents\Training Courses\Level 1\09 Scripting Challenge\07 PART 3 - I do it\front-office-3\tests\Front_Office.robot">
<test id="s1-t1" name="Should be able to access &quot;Team&quot; page">
<kw name="Begin Web Test" library="CommonWeb" type="setup">
<kw name="Open Browser" library="SeleniumLibrary">
<doc>Opens a new browser instance to the given ``url``.</doc>
<arguments>
<arg>about:blank</arg>
<arg>${BROWSER}</arg>
</arguments>
<msg timestamp="20180927 22:09:28.276" level="INFO">Opening browser 'ie' to base url 'about:blank'.</msg>
<status status="PASS" starttime="20180927 22:09:28.276" endtime="20180927 22:09:29.438"></status>
</kw>
<status status="PASS" starttime="20180927 22:09:28.275" endtime="20180927 22:09:29.438"></status>
</kw>
<kw name="Go to Landing Page" library="FrontOfficeApp">
<kw name="Navigate To" library="Landing">
<kw name="Go To" library="SeleniumLibrary">
<doc>Navigates the active browser instance to the provided ``url``.</doc>
<arguments>
<arg>${URL}</arg>
</arguments>
<msg timestamp="20180927 22:09:29.440" level="INFO">Opening url 'http://www.robotframeworktutorial.com/front-office'</msg>
<status status="PASS" starttime="20180927 22:09:29.440" endtime="20180927 22:09:30.769"></status>
</kw>
<status status="PASS" starttime="20180927 22:09:29.440" endtime="20180927 22:09:30.769"></status>
</kw>
<kw name="Verify Page Loaded" library="Landing">
<kw name="Wait Until Page Contains Element" library="SeleniumLibrary">
<doc>Waits until element ``locator`` appears on current page.</doc>
<arguments>
<arg>${LANDING_NAVIGATION_ELEMENT}</arg>
</arguments>
<status status="PASS" starttime="20180927 22:09:30.769" endtime="20180927 22:09:30.850"></status>
</kw>
<status status="PASS" starttime="20180927 22:09:30.769" endtime="20180927 22:09:30.851"></status>
</kw>
<status status="PASS" starttime="20180927 22:09:29.439" endtime="20180927 22:09:30.851"></status>
</kw>
<kw name="Go to &quot;Team&quot; Page" library="FrontOfficeApp">
<kw name="Select &quot;Team&quot; Page" library="TopNav">
<kw name="Click Element" library="SeleniumLibrary">
<doc>Click element identified by ``locator``.</doc>
<arguments>
<arg>${TOP_NAV_TEAM_LINK}</arg>
</arguments>
<msg timestamp="20180927 22:09:30.852" level="INFO">Clicking element 'css=#bs-example-navbar-collapse-1 &gt; ul &gt; li:nth-child(5) &gt; a'.</msg>
<status status="PASS" starttime="20180927 22:09:30.852" endtime="20180927 22:09:31.207"></status>
</kw>
<kw name="Sleep" library="BuiltIn">
<doc>Pauses the test executed for the given time.</doc>
<arguments>
<arg>3s</arg>
</arguments>
<msg timestamp="20180927 22:09:34.208" level="INFO">Slept 3 seconds</msg>
<status status="PASS" starttime="20180927 22:09:31.207" endtime="20180927 22:09:34.208"></status>
</kw>
<status status="PASS" starttime="20180927 22:09:30.851" endtime="20180927 22:09:34.208"></status>
</kw>
<kw name="Verify Page Loaded" library="Team">
<kw name="Wait Until Page Contains Element" library="SeleniumLibrary">
<doc>Waits until element ``locator`` appears on current page.</doc>
<arguments>
<arg>${TEAM_HEADER_LABEL}</arg>
</arguments>
<status status="PASS" starttime="20180927 22:09:34.208" endtime="20180927 22:09:34.281"></status>
</kw>
<status status="PASS" starttime="20180927 22:09:34.208" endtime="20180927 22:09:34.281"></status>
</kw>
<status status="PASS" starttime="20180927 22:09:30.851" endtime="20180927 22:09:34.281"></status>
</kw>
<kw name="End Web Test" library="CommonWeb" type="teardown">
<kw name="Close All Browsers" library="SeleniumLibrary">
<doc>Closes all open browsers and resets the browser cache.</doc>
<status status="PASS" starttime="20180927 22:09:34.282" endtime="20180927 22:09:37.309"></status>
</kw>
<status status="PASS" starttime="20180927 22:09:34.281" endtime="20180927 22:09:37.309"></status>
</kw>
<doc>This is test 1</doc>
<tags>
<tag>test1</tag>
</tags>
<status status="PASS" starttime="20180927 22:09:28.275" endtime="20180927 22:09:37.310" critical="yes"></status>
</test>
<test id="s1-t2" name="&quot;Team&quot; page should match requirements">
<kw name="Begin Web Test" library="CommonWeb" type="setup">
<kw name="Open Browser" library="SeleniumLibrary">
<doc>Opens a new browser instance to the given ``url``.</doc>
<arguments>
<arg>about:blank</arg>
<arg>${BROWSER}</arg>
</arguments>
<msg timestamp="20180927 22:09:37.312" level="INFO">Opening browser 'ie' to base url 'about:blank'.</msg>
<status status="PASS" starttime="20180927 22:09:37.312" endtime="20180927 22:09:38.468"></status>
</kw>
<status status="PASS" starttime="20180927 22:09:37.312" endtime="20180927 22:09:38.468"></status>
</kw>
<kw name="Go to Landing Page" library="FrontOfficeApp">
<kw name="Navigate To" library="Landing">
<kw name="Go To" library="SeleniumLibrary">
<doc>Navigates the active browser instance to the provided ``url``.</doc>
<arguments>
<arg>${URL}</arg>
</arguments>
<msg timestamp="20180927 22:09:38.470" level="INFO">Opening url 'http://www.robotframeworktutorial.com/front-office'</msg>
<status status="PASS" starttime="20180927 22:09:38.469" endtime="20180927 22:09:38.922"></status>
</kw>
<status status="PASS" starttime="20180927 22:09:38.469" endtime="20180927 22:09:38.923"></status>
</kw>
<kw name="Verify Page Loaded" library="Landing">
<kw name="Wait Until Page Contains Element" library="SeleniumLibrary">
<doc>Waits until element ``locator`` appears on current page.</doc>
<arguments>
<arg>${LANDING_NAVIGATION_ELEMENT}</arg>
</arguments>
<status status="PASS" starttime="20180927 22:09:38.923" endtime="20180927 22:09:39.018"></status>
</kw>
<status status="PASS" starttime="20180927 22:09:38.923" endtime="20180927 22:09:39.018"></status>
</kw>
<status status="PASS" starttime="20180927 22:09:38.469" endtime="20180927 22:09:39.018"></status>
</kw>
<kw name="Go to &quot;Team&quot; Page" library="FrontOfficeApp">
<kw name="Select &quot;Team&quot; Page" library="TopNav">
<kw name="Click Element" library="SeleniumLibrary">
<doc>Click element identified by ``locator``.</doc>
<arguments>
<arg>${TOP_NAV_TEAM_LINK}</arg>
</arguments>
<msg timestamp="20180927 22:09:39.019" level="INFO">Clicking element 'css=#bs-example-navbar-collapse-1 &gt; ul &gt; li:nth-child(5) &gt; a'.</msg>
<status status="PASS" starttime="20180927 22:09:39.019" endtime="20180927 22:09:39.378"></status>
</kw>
<kw name="Sleep" library="BuiltIn">
<doc>Pauses the test executed for the given time.</doc>
<arguments>
<arg>3s</arg>
</arguments>
<msg timestamp="20180927 22:09:42.380" level="INFO">Slept 3 seconds</msg>
<status status="PASS" starttime="20180927 22:09:39.378" endtime="20180927 22:09:42.380"></status>
</kw>
<status status="PASS" starttime="20180927 22:09:39.019" endtime="20180927 22:09:42.380"></status>
</kw>
<kw name="Verify Page Loaded" library="Team">
<kw name="Wait Until Page Contains Element" library="SeleniumLibrary">
<doc>Waits until element ``locator`` appears on current page.</doc>
<arguments>
<arg>${TEAM_HEADER_LABEL}</arg>
</arguments>
<status status="PASS" starttime="20180927 22:09:42.380" endtime="20180927 22:09:42.455"></status>
</kw>
<status status="PASS" starttime="20180927 22:09:42.380" endtime="20180927 22:09:42.455"></status>
</kw>
<status status="PASS" starttime="20180927 22:09:39.019" endtime="20180927 22:09:42.455"></status>
</kw>
<kw name="Validate &quot;Team&quot; Page" library="FrontOfficeApp">
<kw name="Validate Page Contents" library="Team">
<kw name="Get Text" library="SeleniumLibrary">
<doc>Returns the text value of element identified by ``locator``.</doc>
<arguments>
<arg>${TEAM_HEADER_LABEL}</arg>
</arguments>
<assign>
<var>${ElementText}</var>
</assign>
<msg timestamp="20180927 22:09:42.596" level="INFO">${ElementText} = OUR AMAZING TEAM</msg>
<status status="PASS" starttime="20180927 22:09:42.456" endtime="20180927 22:09:42.596"></status>
</kw>
<kw name="Should Be Equal As Strings" library="BuiltIn">
<doc>Fails if objects are unequal after converting them to strings.</doc>
<arguments>
<arg>${ElementText}</arg>
<arg>Our Amazing Team</arg>
<arg>ignore_case=true</arg>
</arguments>
<status status="PASS" starttime="20180927 22:09:42.596" endtime="20180927 22:09:42.596"></status>
</kw>
<status status="PASS" starttime="20180927 22:09:42.456" endtime="20180927 22:09:42.596"></status>
</kw>
<status status="PASS" starttime="20180927 22:09:42.456" endtime="20180927 22:09:42.596"></status>
</kw>
<kw name="End Web Test" library="CommonWeb" type="teardown">
<kw name="Close All Browsers" library="SeleniumLibrary">
<doc>Closes all open browsers and resets the browser cache.</doc>
<status status="PASS" starttime="20180927 22:09:42.597" endtime="20180927 22:09:45.624"></status>
</kw>
<status status="PASS" starttime="20180927 22:09:42.597" endtime="20180927 22:09:45.624"></status>
</kw>
<doc>This is test 2</doc>
<tags>
<tag>test2</tag>
</tags>
<status status="PASS" starttime="20180927 22:09:37.311" endtime="20180927 22:09:45.624" critical="yes"></status>
</test>
<doc>Talk about what this suite of tests does</doc>
<status status="PASS" starttime="20180927 22:09:28.150" endtime="20180927 22:09:45.625"></status>
</suite>
<statistics>
<total>
<stat pass="2" fail="0">Critical Tests</stat>
<stat pass="2" fail="0">All Tests</stat>
</total>
<tag>
<stat pass="1" fail="0">test1</stat>
<stat pass="1" fail="0">test2</stat>
</tag>
<suite>
<stat pass="2" fail="0" id="s1" name="Front Office">Front Office</stat>
</suite>
</statistics>
<errors>
</errors>
</robot>
