<?xml version="1.0" encoding="UTF-8"?>
<robot generator="Robot 3.0.4 (Python 3.6.5 on win32)" generated="20180927 22:03:09.841">
<suite id="s1" name="Front Office" source="D:\Documents\Training Courses\Level 1\09 Scripting Challenge\05 PART 2 - I do it\front-office-2\tests\Front_Office.robot">
<test id="s1-t1" name="Should be able to access &quot;Team&quot; page">
<kw name="Begin Web Test" library="CommonWeb" type="setup">
<kw name="Open Browser" library="SeleniumLibrary">
<doc>Opens a new browser instance to the given ``url``.</doc>
<arguments>
<arg>about:blank</arg>
<arg>${BROWSER}</arg>
</arguments>
<msg timestamp="20180927 22:03:09.983" level="INFO">Opening browser 'edge' to base url 'about:blank'.</msg>
<status status="PASS" starttime="20180927 22:03:09.983" endtime="20180927 22:03:11.102"></status>
</kw>
<status status="PASS" starttime="20180927 22:03:09.983" endtime="20180927 22:03:11.102"></status>
</kw>
<kw name="Log" library="BuiltIn">
<doc>Logs the given message with the given level.</doc>
<arguments>
<arg>Executing test 1</arg>
</arguments>
<msg timestamp="20180927 22:03:11.117" level="INFO">Executing test 1</msg>
<status status="PASS" starttime="20180927 22:03:11.117" endtime="20180927 22:03:11.117"></status>
</kw>
<kw name="Sleep" library="BuiltIn">
<doc>Pauses the test executed for the given time.</doc>
<arguments>
<arg>2s</arg>
</arguments>
<msg timestamp="20180927 22:03:13.120" level="INFO">Slept 2 seconds</msg>
<status status="PASS" starttime="20180927 22:03:11.117" endtime="20180927 22:03:13.121"></status>
</kw>
<kw name="End Web Test" library="CommonWeb" type="teardown">
<kw name="Close All Browsers" library="SeleniumLibrary">
<doc>Closes all open browsers and resets the browser cache.</doc>
<status status="PASS" starttime="20180927 22:03:13.122" endtime="20180927 22:03:15.529"></status>
</kw>
<status status="PASS" starttime="20180927 22:03:13.121" endtime="20180927 22:03:15.529"></status>
</kw>
<doc>This is test 1</doc>
<tags>
<tag>test1</tag>
</tags>
<status status="PASS" starttime="20180927 22:03:09.983" endtime="20180927 22:03:15.529" critical="yes"></status>
</test>
<test id="s1-t2" name="&quot;Team&quot; page should match requirements">
<kw name="Begin Web Test" library="CommonWeb" type="setup">
<kw name="Open Browser" library="SeleniumLibrary">
<doc>Opens a new browser instance to the given ``url``.</doc>
<arguments>
<arg>about:blank</arg>
<arg>${BROWSER}</arg>
</arguments>
<msg timestamp="20180927 22:03:15.529" level="INFO">Opening browser 'edge' to base url 'about:blank'.</msg>
<status status="PASS" starttime="20180927 22:03:15.529" endtime="20180927 22:03:16.442"></status>
</kw>
<status status="PASS" starttime="20180927 22:03:15.529" endtime="20180927 22:03:16.442"></status>
</kw>
<kw name="Log" library="BuiltIn">
<doc>Logs the given message with the given level.</doc>
<arguments>
<arg>Executing test 2</arg>
</arguments>
<msg timestamp="20180927 22:03:16.442" level="INFO">Executing test 2</msg>
<status status="PASS" starttime="20180927 22:03:16.442" endtime="20180927 22:03:16.442"></status>
</kw>
<kw name="Sleep" library="BuiltIn">
<doc>Pauses the test executed for the given time.</doc>
<arguments>
<arg>2s</arg>
</arguments>
<msg timestamp="20180927 22:03:18.442" level="INFO">Slept 2 seconds</msg>
<status status="PASS" starttime="20180927 22:03:16.442" endtime="20180927 22:03:18.442"></status>
</kw>
<kw name="End Web Test" library="CommonWeb" type="teardown">
<kw name="Close All Browsers" library="SeleniumLibrary">
<doc>Closes all open browsers and resets the browser cache.</doc>
<status status="PASS" starttime="20180927 22:03:18.443" endtime="20180927 22:03:20.863"></status>
</kw>
<status status="PASS" starttime="20180927 22:03:18.442" endtime="20180927 22:03:20.863"></status>
</kw>
<doc>This is test 2</doc>
<tags>
<tag>test2</tag>
</tags>
<status status="PASS" starttime="20180927 22:03:15.529" endtime="20180927 22:03:20.863" critical="yes"></status>
</test>
<doc>Talk about what this suite of tests does</doc>
<status status="PASS" starttime="20180927 22:03:09.841" endtime="20180927 22:03:20.863"></status>
</suite>
<statistics>
<total>
<stat pass="2" fail="0">Critical Tests</stat>
<stat pass="2" fail="0">All Tests</stat>
</total>
<tag>
<stat pass="1" fail="0">test1</stat>
<stat pass="1" fail="0">test2</stat>
</tag>
<suite>
<stat pass="2" fail="0" id="s1" name="Front Office">Front Office</stat>
</suite>
</statistics>
<errors>
</errors>
</robot>
